[debug] [2019-11-24T08:14:37.522Z] ----------------------------------------------------------------------
[debug] [2019-11-24T08:14:37.530Z] Command:       C:\Program Files\nodejs\node.exe C:\Users\Zain\AppData\Roaming\npm\node_modules\firebase-tools\lib\bin\firebase.js init
[debug] [2019-11-24T08:14:37.530Z] CLI Version:   7.6.2
[debug] [2019-11-24T08:14:37.530Z] Platform:      win32
[debug] [2019-11-24T08:14:37.531Z] Node Version:  v12.13.0
[debug] [2019-11-24T08:14:37.533Z] Time:          Sun Nov 24 2019 13:14:37 GMT+0500 (Pakistan Standard Time)
[debug] [2019-11-24T08:14:37.533Z] ----------------------------------------------------------------------
[debug] [2019-11-24T08:14:37.533Z] 
[debug] [2019-11-24T08:14:37.551Z] > command requires scopes: ["email","openid","https://www.googleapis.com/auth/cloudplatformprojects.readonly","https://www.googleapis.com/auth/firebase","https://www.googleapis.com/auth/cloud-platform"]
[debug] [2019-11-24T08:14:37.553Z] > authorizing via signed-in user
[info] 
     ######## #### ########  ######## ########     ###     ######  ########
     ##        ##  ##     ## ##       ##     ##  ##   ##  ##       ##
     ######    ##  ########  ######   ########  #########  ######  ######
     ##        ##  ##    ##  ##       ##     ## ##     ##       ## ##
     ##       #### ##     ## ######## ########  ##     ##  ######  ########

You're about to initialize a Firebase project in this directory:

  E:\EX MS5\OLX-1

[info] 
=== Project Setup
[info] 
[info] First, let's associate this project directory with a Firebase project.
[info] You can create multiple project aliases by running firebase use --add, 
[info] but for now we'll just set up a default project.
[info] 
